<?xml version="1.0" encoding="UTF-8"?>
<!-- Generated by org.testng.reporters.JUnitXMLReporter -->
<testsuite ignored="0" hostname="LAPTOP-7FV7Q3B3" failures="0" tests="3" name="Test" time="31.777" errors="0" timestamp="2024-04-03T10:04:53 IST">
  <testcase classname="testCases.TC_001_AccountRegistrationTest" name="verify_account_registration" time="7.629"/>
  <testcase classname="testCases.TC_002_LoginTest" name="verify_login" time="11.678"/>
  <testcase classname="testCases.TC_004_SearchProductTest" name="verify_pruductSearch" time="1.098"/>
</testsuite> <!-- Test -->
